/Users/nicolafraccarolo/Documents/GitHub/latent_ode/main.py
main.py
Experiment 98519
Epoch 0001 [Test seq (cond on sampled tp)] | Loss 940.642822 | Likelihood -1001.322998 | KL fp 2.5566 | FP STD 0.1570|
KL coef: 0.0
Train loss (one batch): 756.2064819335938
Train CE loss (one batch): 0.0
MSE (TEST): 0.2010018676519394
Poisson likelihood (TEST): 0.0
CE loss (TEST): 0.0
Experiment 98519
Epoch 0002 [Test seq (cond on sampled tp)] | Loss 470.253998 | Likelihood -491.233734 | KL fp 2.9696 | FP STD 0.0931|
KL coef: 0.0
Train loss (one batch): 397.49468994140625
Train CE loss (one batch): 0.0
MSE (TEST): 0.098983995616436
Poisson likelihood (TEST): 0.0
CE loss (TEST): 0.0
Experiment 98519
Epoch 0003 [Test seq (cond on sampled tp)] | Loss 320.268280 | Likelihood -329.608551 | KL fp 3.1486 | FP STD 0.0755|
KL coef: 0.0
Train loss (one batch): 317.540283203125
Train CE loss (one batch): 0.0
MSE (TEST): 0.06665895879268646
Poisson likelihood (TEST): 0.0
CE loss (TEST): 0.0
Experiment 98519
Epoch 0004 [Test seq (cond on sampled tp)] | Loss 314.377350 | Likelihood -317.167450 | KL fp 3.7585 | FP STD 0.0446|
KL coef: 0.0
Train loss (one batch): 508.2978820800781
Train CE loss (one batch): 0.0
MSE (TEST): 0.0641707256436348
Poisson likelihood (TEST): 0.0
CE loss (TEST): 0.0
Experiment 98519
Epoch 0005 [Test seq (cond on sampled tp)] | Loss 268.607147 | Likelihood -271.007782 | KL fp 3.6884 | FP STD 0.0428|
KL coef: 0.0
Train loss (one batch): 201.18484497070312
Train CE loss (one batch): 0.0
MSE (TEST): 0.05493880808353424
Poisson likelihood (TEST): 0.0
CE loss (TEST): 0.0
Experiment 98519
Epoch 0006 [Test seq (cond on sampled tp)] | Loss 261.086700 | Likelihood -263.406219 | KL fp 3.8872 | FP STD 0.0372|
KL coef: 0.0
Train loss (one batch): 218.1972198486328
Train CE loss (one batch): 0.0
MSE (TEST): 0.053418487310409546
Poisson likelihood (TEST): 0.0
CE loss (TEST): 0.0
Experiment 98519
Epoch 0007 [Test seq (cond on sampled tp)] | Loss 269.355927 | Likelihood -273.892181 | KL fp 3.5490 | FP STD 0.0447|
KL coef: 0.0
Train loss (one batch): 217.43603515625
Train CE loss (one batch): 0.0
MSE (TEST): 0.055515676736831665
Poisson likelihood (TEST): 0.0
CE loss (TEST): 0.0
Experiment 98519
Epoch 0008 [Test seq (cond on sampled tp)] | Loss 238.261734 | Likelihood -243.551025 | KL fp 3.6747 | FP STD 0.0450|
KL coef: 0.0
Train loss (one batch): 197.44467163085938
Train CE loss (one batch): 0.0
MSE (TEST): 0.049447447061538696
Poisson likelihood (TEST): 0.0
CE loss (TEST): 0.0
Experiment 98519
Epoch 0009 [Test seq (cond on sampled tp)] | Loss 159.880829 | Likelihood -167.784439 | KL fp 3.7830 | FP STD 0.0384|
KL coef: 0.0
Train loss (one batch): 404.5094299316406
Train CE loss (one batch): 0.0
MSE (TEST): 0.03429413586854935
Poisson likelihood (TEST): 0.0
CE loss (TEST): 0.0
Experiment 98519
Epoch 0010 [Test seq (cond on sampled tp)] | Loss 105.177254 | Likelihood -107.397430 | KL fp 3.9740 | FP STD 0.0298|
KL coef: 0.0
Train loss (one batch): 80.67782592773438
Train CE loss (one batch): 0.0
MSE (TEST): 0.022216729819774628
Poisson likelihood (TEST): 0.0
CE loss (TEST): 0.0
Experiment 98519
Epoch 0011 [Test seq (cond on sampled tp)] | Loss 89.151459 | Likelihood -90.961937 | KL fp 4.4371 | FP STD 0.0235|
KL coef: 0.010000000000000009
Train loss (one batch): 173.82688903808594
Train CE loss (one batch): 0.0
MSE (TEST): 0.018929632380604744
Poisson likelihood (TEST): 0.0
CE loss (TEST): 0.0
Experiment 98519
Epoch 0012 [Test seq (cond on sampled tp)] | Loss 94.717842 | Likelihood -96.363411 | KL fp 4.4137 | FP STD 0.0205|
KL coef: 0.01990000000000003
Train loss (one batch): 31.87203598022461
Train CE loss (one batch): 0.0
MSE (TEST): 0.020009929314255714
Poisson likelihood (TEST): 0.0
CE loss (TEST): 0.0
Experiment 98519
Epoch 0013 [Test seq (cond on sampled tp)] | Loss 91.248970 | Likelihood -92.644531 | KL fp 4.4311 | FP STD 0.0211|
KL coef: 0.029700999999999977
Train loss (one batch): 162.04095458984375
Train CE loss (one batch): 0.0
MSE (TEST): 0.019266152754426003
Poisson likelihood (TEST): 0.0
CE loss (TEST): 0.0
Experiment 98519
Epoch 0014 [Test seq (cond on sampled tp)] | Loss 91.640144 | Likelihood -93.213966 | KL fp 4.5172 | FP STD 0.0184|
KL coef: 0.039403990000000055
Train loss (one batch): 133.27374267578125
Train CE loss (one batch): 0.0
MSE (TEST): 0.01938004046678543
Poisson likelihood (TEST): 0.0
CE loss (TEST): 0.0
Experiment 98519
Epoch 0015 [Test seq (cond on sampled tp)] | Loss 84.781219 | Likelihood -86.898689 | KL fp 4.6875 | FP STD 0.0180|
KL coef: 0.04900995010000009
Train loss (one batch): 97.19246673583984
Train CE loss (one batch): 0.0
MSE (TEST): 0.018116982653737068
Poisson likelihood (TEST): 0.0
CE loss (TEST): 0.0
Experiment 98519
Epoch 0016 [Test seq (cond on sampled tp)] | Loss 81.231712 | Likelihood -82.377098 | KL fp 4.6840 | FP STD 0.0183|
KL coef: 0.058519850599
Train loss (one batch): 243.58311462402344
Train CE loss (one batch): 0.0
MSE (TEST): 0.01721266470849514
Poisson likelihood (TEST): 0.0
CE loss (TEST): 0.0
Experiment 98519
Epoch 0017 [Test seq (cond on sampled tp)] | Loss 74.582672 | Likelihood -75.517601 | KL fp 4.7721 | FP STD 0.0164|
KL coef: 0.06793465209301008
Train loss (one batch): 67.1707992553711
Train CE loss (one batch): 0.0
MSE (TEST): 0.015840766951441765
Poisson likelihood (TEST): 0.0
CE loss (TEST): 0.0
Experiment 98519
Epoch 0018 [Test seq (cond on sampled tp)] | Loss 89.529137 | Likelihood -90.807228 | KL fp 4.6037 | FP STD 0.0184|
KL coef: 0.07725530557207994
Train loss (one batch): 291.65985107421875
Train CE loss (one batch): 0.0
MSE (TEST): 0.018898693844676018
Poisson likelihood (TEST): 0.0
CE loss (TEST): 0.0
Experiment 98519
Epoch 0019 [Test seq (cond on sampled tp)] | Loss 91.607849 | Likelihood -92.621544 | KL fp 4.7102 | FP STD 0.0164|
KL coef: 0.08648275251635917
Train loss (one batch): 81.50846862792969
Train CE loss (one batch): 0.0
MSE (TEST): 0.01926155388355255
Poisson likelihood (TEST): 0.0
CE loss (TEST): 0.0
Experiment 98519
Epoch 0020 [Test seq (cond on sampled tp)] | Loss 79.966789 | Likelihood -81.383934 | KL fp 4.4006 | FP STD 0.0199|
KL coef: 0.09561792499119559
Train loss (one batch): 33.831336975097656
Train CE loss (one batch): 0.0
MSE (TEST): 0.01701403222978115
Poisson likelihood (TEST): 0.0
CE loss (TEST): 0.0
Experiment 98519
Epoch 0021 [Test seq (cond on sampled tp)] | Loss 75.522964 | Likelihood -76.507965 | KL fp 4.4022 | FP STD 0.0223|
KL coef: 0.10466174574128362
Train loss (one batch): 136.6494903564453
Train CE loss (one batch): 0.0
MSE (TEST): 0.016038840636610985
Poisson likelihood (TEST): 0.0
CE loss (TEST): 0.0
Experiment 98519
Epoch 0022 [Test seq (cond on sampled tp)] | Loss 81.127510 | Likelihood -82.110130 | KL fp 4.5870 | FP STD 0.0205|
KL coef: 0.11361512828387077
Train loss (one batch): 74.38414764404297
Train CE loss (one batch): 0.0
MSE (TEST): 0.017159271985292435
Poisson likelihood (TEST): 0.0
CE loss (TEST): 0.0
Experiment 98519
Epoch 0023 [Test seq (cond on sampled tp)] | Loss 91.003380 | Likelihood -92.392273 | KL fp 4.4643 | FP STD 0.0213|
KL coef: 0.12247897700103216
Train loss (one batch): 95.74359893798828
Train CE loss (one batch): 0.0
MSE (TEST): 0.019215701147913933
Poisson likelihood (TEST): 0.0
CE loss (TEST): 0.0
Experiment 98519
Epoch 0024 [Test seq (cond on sampled tp)] | Loss 76.595345 | Likelihood -77.918236 | KL fp 4.5017 | FP STD 0.0183|
KL coef: 0.13125418723102178
Train loss (one batch): 45.19956588745117
Train CE loss (one batch): 0.0
MSE (TEST): 0.016320891678333282
Poisson likelihood (TEST): 0.0
CE loss (TEST): 0.0
Experiment 98519
Epoch 0025 [Test seq (cond on sampled tp)] | Loss 82.304565 | Likelihood -84.153145 | KL fp 4.3452 | FP STD 0.0226|
KL coef: 0.13994164535871156
Train loss (one batch): 195.43016052246094
Train CE loss (one batch): 0.0
MSE (TEST): 0.017567874863743782
Poisson likelihood (TEST): 0.0
CE loss (TEST): 0.0
Experiment 98519
Epoch 0026 [Test seq (cond on sampled tp)] | Loss 88.587517 | Likelihood -89.613403 | KL fp 4.5756 | FP STD 0.0191|
KL coef: 0.14854222890512447
Train loss (one batch): 154.19937133789062
Train CE loss (one batch): 0.0
MSE (TEST): 0.0186599250882864
Poisson likelihood (TEST): 0.0
CE loss (TEST): 0.0
Experiment 98519
Epoch 0027 [Test seq (cond on sampled tp)] | Loss 85.958984 | Likelihood -93.911751 | KL fp 3.7887 | FP STD 0.0402|
KL coef: 0.15705680661607324
Train loss (one batch): 55.27424621582031
Train CE loss (one batch): 0.0
MSE (TEST): 0.01951959729194641
Poisson likelihood (TEST): 0.0
CE loss (TEST): 0.0
Experiment 98519
Epoch 0028 [Test seq (cond on sampled tp)] | Loss 92.173134 | Likelihood -94.754555 | KL fp 3.9995 | FP STD 0.0304|
KL coef: 0.1654862385499125
Train loss (one batch): 169.34902954101562
Train CE loss (one batch): 0.0
MSE (TEST): 0.019688157364726067
Poisson likelihood (TEST): 0.0
CE loss (TEST): 0.0
Experiment 98519
Epoch 0029 [Test seq (cond on sampled tp)] | Loss 75.026497 | Likelihood -76.416443 | KL fp 4.2377 | FP STD 0.0227|
KL coef: 0.17383137616441335
Train loss (one batch): 94.2437515258789
Train CE loss (one batch): 0.0
MSE (TEST): 0.016020534560084343
Poisson likelihood (TEST): 0.0
CE loss (TEST): 0.0
Experiment 98519
Epoch 0030 [Test seq (cond on sampled tp)] | Loss 71.856178 | Likelihood -74.289230 | KL fp 4.0192 | FP STD 0.0266|
KL coef: 0.18209306240276923
Train loss (one batch): 78.65486907958984
Train CE loss (one batch): 0.0
MSE (TEST): 0.015595090575516224
Poisson likelihood (TEST): 0.0
CE loss (TEST): 0.0
