/Users/nicolafraccarolo/Documents/GitHub/latent_ode/main.py
main.py
Experiment 30342
Epoch 0001 [Valid seq (cond on sampled tp)] | Loss 1066.362183 | Likelihood -1111.230347 | KL fp 2.5086 | FP STD 0.1559|
KL coef: 0.0
Train loss (one batch): 756.2064819335938
Train CE loss (one batch): 0.0
MSE (TEST): 0.22298331558704376
Poisson likelihood (TEST): 0.0
CE loss (TEST): 0.0

Experiment 30342
Epoch 0002 [Valid seq (cond on sampled tp)] | Loss 610.141907 | Likelihood -625.998535 | KL fp 2.8311 | FP STD 0.1021|
KL coef: 0.0
Train loss (one batch): 673.1384887695312
Train CE loss (one batch): 0.0
MSE (TEST): 0.12593695521354675
Poisson likelihood (TEST): 0.0
CE loss (TEST): 0.0

Experiment 30342
Epoch 0003 [Valid seq (cond on sampled tp)] | Loss 424.722290 | Likelihood -435.430542 | KL fp 2.9749 | FP STD 0.0837|
KL coef: 0.0
Train loss (one batch): 580.2633056640625
Train CE loss (one batch): 0.0
MSE (TEST): 0.08782334625720978
Poisson likelihood (TEST): 0.0
CE loss (TEST): 0.0

Experiment 30342
Epoch 0004 [Valid seq (cond on sampled tp)] | Loss 424.066956 | Likelihood -431.100983 | KL fp 3.4249 | FP STD 0.0524|
KL coef: 0.0
Train loss (one batch): 300.8956298828125
Train CE loss (one batch): 0.0
MSE (TEST): 0.08695744723081589
Poisson likelihood (TEST): 0.0
CE loss (TEST): 0.0

Experiment 30342
Epoch 0005 [Valid seq (cond on sampled tp)] | Loss 369.960999 | Likelihood -372.614960 | KL fp 3.6510 | FP STD 0.0433|
KL coef: 0.0
Train loss (one batch): 278.6690368652344
Train CE loss (one batch): 0.0
MSE (TEST): 0.075260229408741
Poisson likelihood (TEST): 0.0
CE loss (TEST): 0.0

Experiment 30342
Epoch 0006 [Valid seq (cond on sampled tp)] | Loss 359.704315 | Likelihood -361.696228 | KL fp 3.8744 | FP STD 0.0346|
KL coef: 0.0
Train loss (one batch): 365.4641418457031
Train CE loss (one batch): 0.0
MSE (TEST): 0.07307648658752441
Poisson likelihood (TEST): 0.0
CE loss (TEST): 0.0

Experiment 30342
Epoch 0007 [Valid seq (cond on sampled tp)] | Loss 359.414276 | Likelihood -361.428497 | KL fp 3.9201 | FP STD 0.0327|
KL coef: 0.0
Train loss (one batch): 228.32382202148438
Train CE loss (one batch): 0.0
MSE (TEST): 0.07302293181419373
Poisson likelihood (TEST): 0.0
CE loss (TEST): 0.0

Experiment 30342
Epoch 0008 [Valid seq (cond on sampled tp)] | Loss 350.383057 | Likelihood -352.725372 | KL fp 3.8288 | FP STD 0.0372|
KL coef: 0.0
Train loss (one batch): 316.0735168457031
Train CE loss (one batch): 0.0
MSE (TEST): 0.07128232717514038
Poisson likelihood (TEST): 0.0
CE loss (TEST): 0.0

Experiment 30342
Epoch 0009 [Valid seq (cond on sampled tp)] | Loss 315.322876 | Likelihood -323.921356 | KL fp 3.6931 | FP STD 0.0484|
KL coef: 0.0
Train loss (one batch): 258.5165100097656
Train CE loss (one batch): 0.0
MSE (TEST): 0.06552152335643768
Poisson likelihood (TEST): 0.0
CE loss (TEST): 0.0

Experiment 30342
Epoch 0010 [Valid seq (cond on sampled tp)] | Loss 185.895325 | Likelihood -188.414917 | KL fp 3.7402 | FP STD 0.0369|
KL coef: 0.0
Train loss (one batch): 270.2776794433594
Train CE loss (one batch): 0.0
MSE (TEST): 0.03842023015022278
Poisson likelihood (TEST): 0.0
CE loss (TEST): 0.0

Experiment 30342
Epoch 0011 [Valid seq (cond on sampled tp)] | Loss 178.444702 | Likelihood -180.866486 | KL fp 4.1620 | FP STD 0.0257|
KL coef: 0.010000000000000009
Train loss (one batch): 121.44528198242188
Train CE loss (one batch): 0.0
MSE (TEST): 0.03691054508090019
Poisson likelihood (TEST): 0.0
CE loss (TEST): 0.0

Experiment 30342
Epoch 0012 [Valid seq (cond on sampled tp)] | Loss 171.693863 | Likelihood -173.044205 | KL fp 4.2731 | FP STD 0.0239|
KL coef: 0.01990000000000003
Train loss (one batch): 179.4194793701172
Train CE loss (one batch): 0.0
MSE (TEST): 0.03534608334302902
Poisson likelihood (TEST): 0.0
CE loss (TEST): 0.0

Experiment 30342
Epoch 0013 [Valid seq (cond on sampled tp)] | Loss 171.271759 | Likelihood -172.501083 | KL fp 4.5401 | FP STD 0.0199|
KL coef: 0.029700999999999977
Train loss (one batch): 179.80772399902344
Train CE loss (one batch): 0.0
MSE (TEST): 0.03523746132850647
Poisson likelihood (TEST): 0.0
CE loss (TEST): 0.0

Experiment 30342
Epoch 0014 [Valid seq (cond on sampled tp)] | Loss 167.547638 | Likelihood -169.060867 | KL fp 4.4255 | FP STD 0.0201|
KL coef: 0.039403990000000055
Train loss (one batch): 117.27108001708984
Train CE loss (one batch): 0.0
MSE (TEST): 0.034549418836832047
Poisson likelihood (TEST): 0.0
CE loss (TEST): 0.0

Experiment 30342
Epoch 0015 [Valid seq (cond on sampled tp)] | Loss 165.407440 | Likelihood -166.744064 | KL fp 4.5509 | FP STD 0.0191|
KL coef: 0.04900995010000009
Train loss (one batch): 205.74490356445312
Train CE loss (one batch): 0.0
MSE (TEST): 0.034086063504219055
Poisson likelihood (TEST): 0.0
CE loss (TEST): 0.0

